\BOOKMARK [0][-]{chapter.1}{Wprowadzenie}{}% 1
\BOOKMARK [0][-]{chapter.2}{Podstawy teoretyczne}{}% 2
\BOOKMARK [1][-]{section.2.1}{SOA}{chapter.2}% 3
\BOOKMARK [1][-]{section.2.2}{Java}{chapter.2}% 4
\BOOKMARK [1][-]{section.2.3}{Przechowywanie danych}{chapter.2}% 5
\BOOKMARK [1][-]{section.2.4}{Serwer Aplikacyjny}{chapter.2}% 6
\BOOKMARK [0][-]{chapter.3}{Opracowanie koncepcji systemu}{}% 7
\BOOKMARK [1][-]{section.3.1}{Opis systemu}{chapter.3}% 8
\BOOKMARK [2][-]{subsection.3.1.1}{Cel projektu}{section.3.1}% 9
\BOOKMARK [2][-]{subsection.3.1.2}{Uzytkownicy}{section.3.1}% 10
\BOOKMARK [2][-]{subsection.3.1.3}{Granice systemu}{section.3.1}% 11
\BOOKMARK [2][-]{subsection.3.1.4}{Lista mozliwosci}{section.3.1}% 12
\BOOKMARK [1][-]{section.3.2}{Specyfikacja i analiza wymagan}{chapter.3}% 13
\BOOKMARK [2][-]{subsection.3.2.1}{Wymagania oprogramowania}{section.3.2}% 14
\BOOKMARK [2][-]{subsection.3.2.2}{Ryzyka operacyjne}{section.3.2}% 15
\BOOKMARK [2][-]{subsection.3.2.3}{Przypadki uzycia}{section.3.2}% 16
\BOOKMARK [0][-]{chapter.4}{Projekt architektury systemu}{}% 17
\BOOKMARK [1][-]{section.4.1}{Opis architektutry}{chapter.4}% 18
\BOOKMARK [1][-]{section.4.2}{Model bazy danych}{chapter.4}% 19
\BOOKMARK [1][-]{section.4.3}{Model klas}{chapter.4}% 20
\BOOKMARK [0][-]{chapter.5}{Implementacja}{}% 21
\BOOKMARK [1][-]{section.5.1}{Uzyte narzedzia}{chapter.5}% 22
\BOOKMARK [1][-]{section.5.2}{Oprogramowanie}{chapter.5}% 23
\BOOKMARK [2][-]{subsection.5.2.1}{EJB}{section.5.2}% 24
\BOOKMARK [2][-]{subsection.5.2.2}{WEB}{section.5.2}% 25
\BOOKMARK [1][-]{section.5.3}{Zabezpieczenia}{chapter.5}% 26
\BOOKMARK [0][-]{chapter.6}{Podsumowanie}{}% 27
